<?xml version="1.0" encoding="UTF-8"?>
<testng-results ignored="4" total="6" passed="0" failed="2" skipped="0">
  <reporter-output>
    <line>
      <![CDATA[Click to view Screenshot]]>
    </line>
    <line>
      <![CDATA[<a target="_blank" href="C:\Users\priya\eclipse-workspace\Selenium Projects\org.w2a.DataDrivenFramework\src\test\resources\Screenshots\XYZBank.jpg.bmp">Screenshot</a>]]>
    </line>
    <line>
      <![CDATA[<br>]]>
    </line>
    <line>
      <![CDATA[<a target="_blank" href="C:\Users\priya\eclipse-workspace\Selenium Projects\org.w2a.DataDrivenFramework\src\test\resources\Screenshots\XYZBank.jpg.bmp"><img src="C:\Users\priya\eclipse-workspace\Selenium Projects\org.w2a.DataDrivenFramework\src\test\resources\Screenshots\XYZBank.jpg.bmp" height = 200 width=200></img></a>]]>
    </line>
    <line>
      <![CDATA[Click to view Screenshot]]>
    </line>
    <line>
      <![CDATA[<a target="_blank" href="C:\Users\priya\eclipse-workspace\Selenium Projects\org.w2a.DataDrivenFramework\src\test\resources\Screenshots\XYZBank.jpg.bmp">Screenshot</a>]]>
    </line>
    <line>
      <![CDATA[<br>]]>
    </line>
    <line>
      <![CDATA[<a target="_blank" href="C:\Users\priya\eclipse-workspace\Selenium Projects\org.w2a.DataDrivenFramework\src\test\resources\Screenshots\XYZBank.jpg.bmp"><img src="C:\Users\priya\eclipse-workspace\Selenium Projects\org.w2a.DataDrivenFramework\src\test\resources\Screenshots\XYZBank.jpg.bmp" height = 200 width=200></img></a>]]>
    </line>
  </reporter-output>
  <suite started-at="2021-11-16T10:39:42 EST" name="org.w2a.DataDrivenFramework" finished-at="2021-11-16T10:39:50 EST" duration-ms="7186">
    <groups>
    </groups>
    <test started-at="2021-11-16T10:39:42 EST" name="Test" finished-at="2021-11-16T10:39:50 EST" duration-ms="7186">
      <class name="org.w2a.testcases.AddCustomerTest">
        <test-method signature="addCustomer(java.lang.String,java.lang.String,java.lang.String,java.lang.String)[pri:0, instance:org.w2a.testcases.AddCustomerTest@c4c0b41]" started-at="2021-11-16T10:39:46 EST" name="addCustomer" data-provider="getData" finished-at="2021-11-16T10:39:50 EST" duration-ms="3715" status="FAIL">
          <params>
            <param index="0">
              <value>
                <![CDATA[Meena]]>
              </value>
            </param>
            <param index="1">
              <value>
                <![CDATA[Prakash]]>
              </value>
            </param>
            <param index="2">
              <value>
                <![CDATA[A600101]]>
              </value>
            </param>
            <param index="3">
              <value>
                <![CDATA[Customer added successfully]]>
              </value>
            </param>
          </params>
          <exception class="java.lang.AssertionError">
            <message>
              <![CDATA[Customer not added]]>
            </message>
            <full-stacktrace>
              <![CDATA[java.lang.AssertionError: Customer not added
at org.testng.Assert.fail(Assert.java:99)
at org.w2a.testcases.AddCustomerTest.addCustomer(AddCustomerTest.java:28)
at java.base/jdk.internal.reflect.NativeMethodAccessorImpl.invoke0(Native Method)
at java.base/jdk.internal.reflect.NativeMethodAccessorImpl.invoke(NativeMethodAccessorImpl.java:78)
at java.base/jdk.internal.reflect.DelegatingMethodAccessorImpl.invoke(DelegatingMethodAccessorImpl.java:43)
at java.base/java.lang.reflect.Method.invoke(Method.java:567)
at org.testng.internal.MethodInvocationHelper.invokeMethod(MethodInvocationHelper.java:133)
at org.testng.internal.TestInvoker.invokeMethod(TestInvoker.java:598)
at org.testng.internal.TestInvoker.invokeTestMethod(TestInvoker.java:173)
at org.testng.internal.MethodRunner.runInSequence(MethodRunner.java:46)
at org.testng.internal.TestInvoker$MethodInvocationAgent.invoke(TestInvoker.java:824)
at org.testng.internal.TestInvoker.invokeTestMethods(TestInvoker.java:146)
at org.testng.internal.TestMethodWorker.invokeTestMethods(TestMethodWorker.java:146)
at org.testng.internal.TestMethodWorker.run(TestMethodWorker.java:128)
at java.base/java.util.ArrayList.forEach(ArrayList.java:1511)
at org.testng.TestRunner.privateRun(TestRunner.java:794)
at org.testng.TestRunner.run(TestRunner.java:596)
at org.testng.SuiteRunner.runTest(SuiteRunner.java:377)
at org.testng.SuiteRunner.runSequentially(SuiteRunner.java:371)
at org.testng.SuiteRunner.privateRun(SuiteRunner.java:332)
at org.testng.SuiteRunner.run(SuiteRunner.java:276)
at org.testng.SuiteRunnerWorker.runSuite(SuiteRunnerWorker.java:53)
at org.testng.SuiteRunnerWorker.run(SuiteRunnerWorker.java:96)
at org.testng.TestNG.runSuitesSequentially(TestNG.java:1212)
at org.testng.TestNG.runSuitesLocally(TestNG.java:1134)
at org.testng.TestNG.runSuites(TestNG.java:1063)
at org.testng.TestNG.run(TestNG.java:1031)
at org.testng.remote.AbstractRemoteTestNG.run(AbstractRemoteTestNG.java:115)
at org.testng.remote.RemoteTestNG.initAndRun(RemoteTestNG.java:251)
at org.testng.remote.RemoteTestNG.main(RemoteTestNG.java:77)
]]>
            </full-stacktrace>
          </exception> <!-- java.lang.AssertionError -->
          <reporter-output>
            <line>
              <![CDATA[Click to view Screenshot]]>
            </line>
            <line>
              <![CDATA[<a target="_blank" href="C:\Users\priya\eclipse-workspace\Selenium Projects\org.w2a.DataDrivenFramework\src\test\resources\Screenshots\XYZBank.jpg.bmp">Screenshot</a>]]>
            </line>
            <line>
              <![CDATA[<br>]]>
            </line>
            <line>
              <![CDATA[<a target="_blank" href="C:\Users\priya\eclipse-workspace\Selenium Projects\org.w2a.DataDrivenFramework\src\test\resources\Screenshots\XYZBank.jpg.bmp"><img src="C:\Users\priya\eclipse-workspace\Selenium Projects\org.w2a.DataDrivenFramework\src\test\resources\Screenshots\XYZBank.jpg.bmp" height = 200 width=200></img></a>]]>
            </line>
          </reporter-output>
        </test-method> <!-- addCustomer -->
      </class> <!-- org.w2a.testcases.AddCustomerTest -->
      <class name="org.w2a.testcases.BankManagerLoginTest">
        <test-method is-config="true" signature="setUp()[pri:0, instance:org.w2a.testcases.BankManagerLoginTest@5d1e09bc]" started-at="2021-11-16T10:39:24 EST" name="setUp" finished-at="2021-11-16T10:39:42 EST" duration-ms="18726" status="PASS">
          <reporter-output>
          </reporter-output>
        </test-method> <!-- setUp -->
        <test-method signature="bankManagerLogin()[pri:0, instance:org.w2a.testcases.BankManagerLoginTest@5d1e09bc]" started-at="2021-11-16T10:39:42 EST" name="bankManagerLogin" finished-at="2021-11-16T10:39:46 EST" duration-ms="3390" status="FAIL">
          <exception class="java.lang.AssertionError">
            <message>
              <![CDATA[login failed]]>
            </message>
            <full-stacktrace>
              <![CDATA[java.lang.AssertionError: login failed
at org.testng.Assert.fail(Assert.java:99)
at org.w2a.testcases.BankManagerLoginTest.bankManagerLogin(BankManagerLoginTest.java:22)
at java.base/jdk.internal.reflect.NativeMethodAccessorImpl.invoke0(Native Method)
at java.base/jdk.internal.reflect.NativeMethodAccessorImpl.invoke(NativeMethodAccessorImpl.java:78)
at java.base/jdk.internal.reflect.DelegatingMethodAccessorImpl.invoke(DelegatingMethodAccessorImpl.java:43)
at java.base/java.lang.reflect.Method.invoke(Method.java:567)
at org.testng.internal.MethodInvocationHelper.invokeMethod(MethodInvocationHelper.java:133)
at org.testng.internal.TestInvoker.invokeMethod(TestInvoker.java:598)
at org.testng.internal.TestInvoker.invokeTestMethod(TestInvoker.java:173)
at org.testng.internal.MethodRunner.runInSequence(MethodRunner.java:46)
at org.testng.internal.TestInvoker$MethodInvocationAgent.invoke(TestInvoker.java:824)
at org.testng.internal.TestInvoker.invokeTestMethods(TestInvoker.java:146)
at org.testng.internal.TestMethodWorker.invokeTestMethods(TestMethodWorker.java:146)
at org.testng.internal.TestMethodWorker.run(TestMethodWorker.java:128)
at java.base/java.util.ArrayList.forEach(ArrayList.java:1511)
at org.testng.TestRunner.privateRun(TestRunner.java:794)
at org.testng.TestRunner.run(TestRunner.java:596)
at org.testng.SuiteRunner.runTest(SuiteRunner.java:377)
at org.testng.SuiteRunner.runSequentially(SuiteRunner.java:371)
at org.testng.SuiteRunner.privateRun(SuiteRunner.java:332)
at org.testng.SuiteRunner.run(SuiteRunner.java:276)
at org.testng.SuiteRunnerWorker.runSuite(SuiteRunnerWorker.java:53)
at org.testng.SuiteRunnerWorker.run(SuiteRunnerWorker.java:96)
at org.testng.TestNG.runSuitesSequentially(TestNG.java:1212)
at org.testng.TestNG.runSuitesLocally(TestNG.java:1134)
at org.testng.TestNG.runSuites(TestNG.java:1063)
at org.testng.TestNG.run(TestNG.java:1031)
at org.testng.remote.AbstractRemoteTestNG.run(AbstractRemoteTestNG.java:115)
at org.testng.remote.RemoteTestNG.initAndRun(RemoteTestNG.java:251)
at org.testng.remote.RemoteTestNG.main(RemoteTestNG.java:77)
]]>
            </full-stacktrace>
          </exception> <!-- java.lang.AssertionError -->
          <reporter-output>
            <line>
              <![CDATA[Click to view Screenshot]]>
            </line>
            <line>
              <![CDATA[<a target="_blank" href="C:\Users\priya\eclipse-workspace\Selenium Projects\org.w2a.DataDrivenFramework\src\test\resources\Screenshots\XYZBank.jpg.bmp">Screenshot</a>]]>
            </line>
            <line>
              <![CDATA[<br>]]>
            </line>
            <line>
              <![CDATA[<a target="_blank" href="C:\Users\priya\eclipse-workspace\Selenium Projects\org.w2a.DataDrivenFramework\src\test\resources\Screenshots\XYZBank.jpg.bmp"><img src="C:\Users\priya\eclipse-workspace\Selenium Projects\org.w2a.DataDrivenFramework\src\test\resources\Screenshots\XYZBank.jpg.bmp" height = 200 width=200></img></a>]]>
            </line>
          </reporter-output>
        </test-method> <!-- bankManagerLogin -->
        <test-method is-config="true" signature="teardown()[pri:0, instance:org.w2a.testcases.BankManagerLoginTest@5d1e09bc]" started-at="2021-11-16T10:39:50 EST" name="teardown" finished-at="2021-11-16T10:39:51 EST" duration-ms="1264" status="PASS">
          <reporter-output>
          </reporter-output>
        </test-method> <!-- teardown -->
      </class> <!-- org.w2a.testcases.BankManagerLoginTest -->
    </test> <!-- Test -->
  </suite> <!-- org.w2a.DataDrivenFramework -->
</testng-results>
